## STRP x CODM 
### v1.1 - Reworked some...
- Converted All Props Into One Script File
- Added NEW BAG 1.7 PROPS | Its a BEAST Now for FPS Games!
- Script File Execute them self after every Reboot!


## STRP x CODM 
### v1.0 (UNIVERSAL)

- Added CODM Termux MENU
- Can be Executed with termux / su -c CODM
- Added Touch Boost for Touch Improvment Exclusive for CODM!
- BAG Module CANT Be Used With This MODULE!
- GODSPEED AimBooster CANT Be Used with this MODULE!
- Auto Cleaning all Game Caches After Every Reboot!

## CREATOR ▌OWNER ▌GROUP

## By CRANKV2
- Telegram channel: t.me/StratospherePerformance
- Telegram group: t.me/AndroidRootModulesCommunity
- Join ARMC Group!

## EXTRAS
- Added AimAssist/Boost
- Added BulletRegister
- Added and fixed many Tweaks to be stable AF!

## MENU FEATURES
## BATTERY INFO
- Battery Charge Level:
- Battery Total Capacity:
- Battery Health:
- Battery Status:
- Battery Temperature:
- System Using Since:

## ENABLE CODM GAMING MODE!
- Turn On CODM Gaming MODE!
- Turn OFF Gaming Mode in Menu!

## Usefull Options
- Enemy Spot KCAL Preset
- Reset KCAL Preset
- Optimize & Repack Apps Packages
- Enable DevFreq Boost! Stabilize Latency!
- Disable DevFreq Boost!
- Enable/Disable Low Power Mode
- Enable/Disable data saver
- Enable/Disable power-saving location mode
- Clean Trash, -Example System logs, Game Logs and Cache etc...
- Unlock FPS For CODM, You NEED To REBOOT After Using This!
- unlock Extreme Graphic For CODM, You NEED To REBOOT After Using This!

## Change Refresh Rate Options...
- 46 HZ Refresh Rate
- 50 HZ Refresh Rate
- 55 HZ Refresh Rate
- 60 HZ Refresh Rate
- 90 HZ Refresh Rate
- Reset Refresh Rate config

## Free RAM Bevore playing!
- Will Remove ALL CODM CACHE TOO!
- EXTREME -- GAMES CACHE CLEANER

## Gapps Settings..
- Enable Gapps
- Disable Gapps

## Open GL Changer!
- Set renderer to OpenGL
- Set renderer to Skia OpenGL
- Set renderer to Skia Vulkan

-----------

## !IMPORTANT!
It is necessary to Remove any Type of Game/FPS UNLOCKER or 90FPS Unlocker wont work! it's up to u!

-----------